<?xml version="1.0" encoding="UTF-8"?>
<!-- Generated by org.testng.reporters.JUnitReportReporter -->
<testsuite hostname="Bolt-PC" name="com.epam.elena_bolotova.mentoring.task5.Task5Test" tests="1" failures="0" timestamp="12 Jun 2017 11:28:16 GMT" time="14.992" errors="0">
  <testcase name="startWebDriver" time="14.992" classname="com.epam.elena_bolotova.mentoring.task5.Task5Test"/>
</testsuite> <!-- com.epam.elena_bolotova.mentoring.task5.Task5Test -->
